2024-12-19 01:56:35,284 - INFO - request data 檔案夾 招標 TENDER_NOTICE_DATE 113 100
2024-12-19 01:56:35,286 - INFO - 正在爬取採購網站第 1 頁
2024-12-19 01:58:13,824 - INFO - request data 檔案夾 招標 TENDER_NOTICE_DATE 113 100
2024-12-19 01:58:13,826 - INFO - 正在爬取採購網站第 1 頁
2024-12-19 01:59:48,608 - INFO - Processing 馬桶蓋...
2024-12-19 01:59:52,027 - INFO - request data 馬桶蓋 招標 TENDER_NOTICE_DATE 113 100
2024-12-19 01:59:52,027 - INFO - 正在爬取採購網站第 1 頁
2024-12-19 02:00:09,180 - INFO - 採購網站第 0 頁是最後一頁囉
2024-12-19 02:00:09,189 - INFO - Processing 檔案夾...
2024-12-19 02:00:13,446 - INFO - request data 檔案夾 招標 TENDER_NOTICE_DATE 113 100
2024-12-19 02:00:13,446 - INFO - 正在爬取採購網站第 1 頁
2024-12-19 02:00:28,399 - INFO - *****件符合條件：113/12/18 ED14028P015*****
2024-12-19 02:00:28,405 - INFO - *****件符合條件：113/12/18 ED14021P011*****
2024-12-19 02:00:32,369 - INFO - request data 檔案夾 招標 TENDER_NOTICE_DATE 113 100
2024-12-19 02:00:32,369 - INFO - 正在爬取採購網站第 2 頁
2024-12-19 02:01:14,667 - INFO - Processing 檔案夾...
2024-12-19 02:01:18,151 - INFO - request data 檔案夾 招標 TENDER_NOTICE_DATE 113 100
2024-12-19 02:01:18,151 - INFO - 正在爬取採購網站第 1 頁
2024-12-19 02:01:31,870 - INFO - *****件符合條件：113/12/18 ED14028P015*****
2024-12-19 02:01:31,874 - INFO - *****件符合條件：113/12/18 ED14021P011*****
2024-12-19 02:01:36,148 - INFO - request data 檔案夾 招標 TENDER_NOTICE_DATE 113 100
2024-12-19 02:01:36,150 - INFO - 正在爬取採購網站第 2 頁
2024-12-19 02:01:51,758 - INFO - 採購網站第 1 頁是最後一頁囉
2024-12-19 02:01:51,777 - INFO - Processing 塑膠筒總成...
2024-12-19 02:01:56,457 - INFO - request data 塑膠筒總成 招標 TENDER_NOTICE_DATE 113 100
2024-12-19 02:01:56,457 - INFO - 正在爬取採購網站第 1 頁
2024-12-19 02:02:14,472 - INFO - 採購網站第 0 頁是最後一頁囉
2024-12-19 02:02:14,478 - INFO - Processing 防潮彈箱...
2024-12-19 02:02:18,298 - INFO - request data 防潮彈箱 招標 TENDER_NOTICE_DATE 113 100
2024-12-19 02:02:18,301 - INFO - 正在爬取採購網站第 1 頁
2024-12-19 02:03:44,798 - INFO - Processing 防潮彈箱...
2024-12-19 02:03:49,584 - INFO - request data 防潮彈箱 招標 TENDER_NOTICE_DATE 113 100
2024-12-19 02:03:49,585 - INFO - 正在爬取採購網站第 1 頁
2024-12-19 02:04:07,761 - INFO - 採購網站第 0 頁是最後一頁囉
2024-12-19 02:04:07,769 - INFO - Processing 瓷酒瓶用葉片式內塞...
2024-12-19 02:04:11,087 - INFO - request data 瓷酒瓶用葉片式內塞 招標 TENDER_NOTICE_DATE 113 100
2024-12-19 02:04:11,088 - INFO - 正在爬取採購網站第 1 頁
2024-12-19 02:04:26,295 - INFO - 採購網站第 0 頁是最後一頁囉
2024-12-19 02:04:26,303 - INFO - Processing 尼龍絕緣座...
2024-12-19 02:05:52,479 - INFO - Processing 馬桶蓋...
2024-12-19 02:05:56,274 - INFO - request data 馬桶蓋 招標 TENDER_NOTICE_DATE 113 100
2024-12-19 02:05:56,275 - INFO - 正在爬取採購網站第 1 頁
2024-12-19 02:06:09,935 - INFO - *****件符合條件：113/11/05 113-01-062*****
2024-12-19 02:06:09,937 - INFO - *****件符合條件：113/09/19 113-01-047*****
2024-12-19 02:06:09,937 - INFO - *****件符合條件：113/10/02 113-01-047*****
2024-12-19 02:06:14,126 - INFO - request data 馬桶蓋 招標 TENDER_NOTICE_DATE 113 100
2024-12-19 02:06:14,127 - INFO - 正在爬取採購網站第 2 頁
2024-12-19 02:06:30,674 - INFO - 採購網站第 1 頁是最後一頁囉
2024-12-19 02:06:30,694 - INFO - Processing 檔案夾...
2024-12-19 02:06:34,793 - INFO - request data 檔案夾 招標 TENDER_NOTICE_DATE 113 100
2024-12-19 02:06:34,793 - INFO - 正在爬取採購網站第 1 頁
2024-12-19 02:09:16,054 - INFO - Processing 馬桶蓋...
2024-12-19 02:09:19,290 - INFO - request data 馬桶蓋 招標 TENDER_NOTICE_DATE 113 100
2024-12-19 02:09:19,290 - INFO - 正在爬取採購網站第 1 頁
2024-12-19 02:14:46,887 - INFO - Processing 馬桶蓋...
2024-12-19 02:14:50,637 - INFO - request data 馬桶蓋 招標 TENDER_NOTICE_DATE 113 100
2024-12-19 02:14:50,638 - INFO - 正在爬取採購網站第 1 頁
2024-12-19 02:15:19,601 - INFO - Processing 馬桶蓋...
2024-12-19 02:15:23,102 - INFO - request data 馬桶蓋 招標 TENDER_NOTICE_DATE 113 100
2024-12-19 02:15:23,102 - INFO - 正在爬取採購網站第 1 頁
2024-12-19 02:15:27,801 - INFO - *****件符合條件：113/11/05 113-01-062*****
2024-12-19 02:15:27,801 - INFO - *****件符合條件：113/09/19 113-01-047*****
2024-12-19 02:15:27,801 - INFO - *****件符合條件：113/10/02 113-01-047*****
2024-12-19 02:15:31,530 - INFO - request data 馬桶蓋 招標 TENDER_NOTICE_DATE 113 100
2024-12-19 02:15:31,531 - INFO - 正在爬取採購網站第 2 頁
2024-12-19 02:15:39,888 - INFO - 採購網站第 1 頁是最後一頁囉
2024-12-19 02:15:39,898 - INFO - Processing 檔案夾...
2024-12-19 02:15:43,145 - INFO - request data 檔案夾 招標 TENDER_NOTICE_DATE 113 100
2024-12-19 02:15:43,146 - INFO - 正在爬取採購網站第 1 頁
2024-12-19 02:15:49,181 - INFO - *****件符合條件：113/12/19 EI14014P028*****
2024-12-19 02:15:49,183 - INFO - *****件符合條件：113/12/18 ED14028P015*****
2024-12-19 02:15:49,183 - INFO - *****件符合條件：113/12/13 114-7541133731600220*****
2024-12-19 02:15:49,183 - INFO - *****件符合條件：113/12/13 EP14035P029*****
2024-12-19 02:15:49,183 - INFO - *****件符合條件：113/12/13 ED14027P014*****
2024-12-19 02:15:49,183 - INFO - *****件符合條件：113/12/10 EZ14036P015*****
2024-12-19 02:15:49,183 - INFO - *****件符合條件：113/12/06 EI14014P028*****
2024-12-19 02:15:49,183 - INFO - *****件符合條件：113/12/05 ED14028P015*****
2024-12-19 02:15:49,183 - INFO - *****件符合條件：113/12/04 ED14022P016*****
2024-12-19 02:15:49,184 - INFO - *****件符合條件：113/12/04 ED14019P009*****
2024-12-19 02:15:49,184 - INFO - *****件符合條件：113/12/04 113-6382009380400110*****
2024-12-19 02:15:49,184 - INFO - *****件符合條件：113/11/29 EP14019P027*****
2024-12-19 02:15:49,184 - INFO - *****件符合條件：113/11/27 ED14019P009*****
2024-12-19 02:15:49,184 - INFO - *****件符合條件：113/11/26 ED14028P015*****
2024-12-19 02:15:49,184 - INFO - *****件符合條件：113/11/22 EC13138P083*****
2024-12-19 02:15:49,184 - INFO - *****件符合條件：113/11/22 EC13136P084*****
2024-12-19 02:15:49,184 - INFO - *****件符合條件：113/11/21 EC13086P049*****
2024-12-19 02:15:49,184 - INFO - *****件符合條件：113/11/20 EZ14036P015*****
2024-12-19 02:15:49,185 - INFO - *****件符合條件：113/11/19 ED14017P012*****
2024-12-19 02:15:49,185 - INFO - *****件符合條件：113/11/15 ED14016P010*****
2024-12-19 02:15:49,185 - INFO - *****件符合條件：113/11/13 EC13086P049*****
2024-12-19 02:15:49,185 - INFO - *****件符合條件：113/11/12 113-640300831260120*****
2024-12-19 02:15:49,185 - INFO - *****件符合條件：113/11/11 113-6331138312600720*****
2024-12-19 02:15:49,185 - INFO - *****件符合條件：113/11/08 EC14018P021*****
2024-12-19 02:15:49,185 - INFO - *****件符合條件：113/11/07 ER14031P025*****
2024-12-19 02:15:49,185 - INFO - *****件符合條件：113/10/31 EL14008P017*****
2024-12-19 02:15:49,185 - INFO - *****件符合條件：113/10/29 ED14006P005*****
2024-12-19 02:15:49,185 - INFO - *****件符合條件：113/10/24 EG14016P023*****
2024-12-19 02:15:49,186 - INFO - *****件符合條件：113/10/23 EL14008P017*****
2024-12-19 02:15:49,186 - INFO - *****件符合條件：113/10/21 ER14031P025*****
2024-12-19 02:15:49,186 - INFO - *****件符合條件：113/10/18 ED14007P004*****
2024-12-19 02:15:49,186 - INFO - *****件符合條件：113/10/18 EL14008P017*****
2024-12-19 02:15:49,186 - INFO - *****件符合條件：113/10/17 EC14018P021*****
2024-12-19 02:15:49,186 - INFO - *****件符合條件：113/10/17 114-7541133731500320*****
2024-12-19 02:15:49,186 - INFO - *****件符合條件：113/10/17 EY14036P020*****
2024-12-19 02:15:49,186 - INFO - *****件符合條件：113/10/16 114-1153015748200100*****
2024-12-19 02:15:49,186 - INFO - *****件符合條件：113/10/11 EY14036P020*****
2024-12-19 02:15:49,186 - INFO - *****件符合條件：113/10/08 EL14010P026*****
2024-12-19 02:15:49,186 - INFO - *****件符合條件：113/10/02 114-7541133731600220*****
2024-12-19 02:15:49,187 - INFO - *****件符合條件：113/10/02 EL14006P024*****
2024-12-19 02:15:49,187 - INFO - *****件符合條件：113/10/01 113-EG66612865000780*****
2024-12-19 02:15:49,187 - INFO - *****件符合條件：113/09/30 EG14016P023*****
2024-12-19 02:15:49,187 - INFO - *****件符合條件：113/09/25 114-7541133731600220*****
2024-12-19 02:15:49,187 - INFO - *****件符合條件：113/09/25 EZ14018P019*****
2024-12-19 02:15:49,187 - INFO - *****件符合條件：113/09/24 113-6320008312600920*****
2024-12-19 02:15:49,187 - INFO - *****件符合條件：113/09/19 EY14036P020*****
2024-12-19 02:15:49,187 - INFO - *****件符合條件：113/09/19 EC13124P080*****
2024-12-19 02:15:49,188 - INFO - *****件符合條件：113/09/13 ES13047P047*****
2024-12-19 02:15:49,188 - INFO - *****件符合條件：113/09/12 EC13086P049*****
2024-12-19 02:15:49,188 - INFO - *****件符合條件：113/09/06 EC13116P074*****
2024-12-19 02:15:49,188 - INFO - *****件符合條件：113/12/18 ED14021P011*****
2024-12-19 02:15:49,188 - INFO - *****件符合條件：113/12/13 EP14019P027*****
2024-12-19 02:15:49,188 - INFO - *****件符合條件：113/12/13 114-7541130602000120*****
2024-12-19 02:15:49,188 - INFO - *****件符合條件：113/12/13 114-7541130602000420*****
2024-12-19 02:15:49,189 - INFO - *****件符合條件：113/12/10 EW14016P*****
2024-12-19 02:15:49,189 - INFO - *****件符合條件：113/12/09 ED14023P031*****
2024-12-19 02:15:49,189 - INFO - *****件符合條件：113/12/06 EL14010P026*****
2024-12-19 02:15:49,189 - INFO - *****件符合條件：113/12/05 EL14008P017*****
2024-12-19 02:15:49,189 - INFO - *****件符合條件：113/12/04 ED14027P014*****
2024-12-19 02:15:49,189 - INFO - *****件符合條件：113/12/04 EC13136P084*****
2024-12-19 02:15:49,189 - INFO - *****件符合條件：113/11/29 ED14017P012*****
2024-12-19 02:15:49,189 - INFO - *****件符合條件：113/11/29 ED14016P010*****
2024-12-19 02:15:49,189 - INFO - *****件符合條件：113/11/27 113-640300831260120*****
2024-12-19 02:15:49,189 - INFO - *****件符合條件：113/11/26 EC14013P013*****
2024-12-19 02:15:49,190 - INFO - *****件符合條件：113/11/22 ED14005P006*****
2024-12-19 02:15:49,190 - INFO - *****件符合條件：113/11/21 ED14027P014*****
2024-12-19 02:15:49,190 - INFO - *****件符合條件：113/11/21 ED14008P013*****
2024-12-19 02:15:49,190 - INFO - *****件符合條件：113/11/20 ED14004P008*****
2024-12-19 02:15:49,190 - INFO - *****件符合條件：113/11/18 ED14021P011*****
2024-12-19 02:15:49,190 - INFO - *****件符合條件：113/11/14 ED14019P009*****
2024-12-19 02:15:49,191 - INFO - *****件符合條件：113/11/12 ED14005P006*****
2024-12-19 02:15:49,191 - INFO - *****件符合條件：113/11/12 ED14006P005*****
2024-12-19 02:15:49,191 - INFO - *****件符合條件：113/11/08 ED14004P008*****
2024-12-19 02:15:49,191 - INFO - *****件符合條件：113/11/08 ED14003P007*****
2024-12-19 02:15:49,191 - INFO - *****件符合條件：113/11/05 EG14016P023*****
2024-12-19 02:15:49,191 - INFO - *****件符合條件：113/10/31 ED14007P004*****
2024-12-19 02:15:49,192 - INFO - *****件符合條件：113/10/24 113-6331138312600720*****
2024-12-19 02:15:49,192 - INFO - *****件符合條件：113/10/24 ED13054P020*****
2024-12-19 02:15:49,192 - INFO - *****件符合條件：113/10/23 EC14011P016*****
2024-12-19 02:15:49,192 - INFO - *****件符合條件：113/10/21 ED13055P019*****
2024-12-19 02:15:49,192 - INFO - *****件符合條件：113/10/18 EG14016P023*****
2024-12-19 02:15:49,192 - INFO - *****件符合條件：113/10/18 EC13126F079*****
2024-12-19 02:15:49,192 - INFO - *****件符合條件：113/10/17 114-7541133731600220*****
2024-12-19 02:15:49,193 - INFO - *****件符合條件：113/10/17 EL14006P024*****
2024-12-19 02:15:49,193 - INFO - *****件符合條件：113/10/16 EC14011P016*****
2024-12-19 02:15:49,193 - INFO - *****件符合條件：113/10/11 EL14008P017*****
2024-12-19 02:15:49,193 - INFO - *****件符合條件：113/10/11 EC14011P016*****
2024-12-19 02:15:49,193 - INFO - *****件符合條件：113/10/04 EC13126F079*****
2024-12-19 02:15:49,193 - INFO - *****件符合條件：113/10/02 114-7541133731500320*****
2024-12-19 02:15:49,194 - INFO - *****件符合條件：113/10/01 114-1153015748200100*****
2024-12-19 02:15:49,194 - INFO - *****件符合條件：113/09/30 ED14010P002*****
2024-12-19 02:15:49,194 - INFO - *****件符合條件：113/09/26 EC13113P076*****
2024-12-19 02:15:49,194 - INFO - *****件符合條件：113/09/25 114-7541133731500320*****
2024-12-19 02:15:49,194 - INFO - *****件符合條件：113/09/25 EC14011P016*****
2024-12-19 02:15:49,194 - INFO - *****件符合條件：113/09/20 EI14005P011*****
2024-12-19 02:15:49,194 - INFO - *****件符合條件：113/09/19 EL14008P017*****
2024-12-19 02:15:49,195 - INFO - *****件符合條件：113/09/19 EZ14036P015*****
2024-12-19 02:15:49,195 - INFO - *****件符合條件：113/09/13 EV14015P012*****
2024-12-19 02:15:49,195 - INFO - *****件符合條件：113/09/11 113-640300831260120*****
2024-12-19 02:15:49,195 - INFO - *****件符合條件：113/09/06 EI13029P075*****
2024-12-19 02:15:52,666 - INFO - request data 檔案夾 招標 TENDER_NOTICE_DATE 113 100
2024-12-19 02:15:52,667 - INFO - 正在爬取採購網站第 2 頁
2024-12-19 02:15:58,264 - INFO - *****件符合條件：113/09/05 EI14005P011*****
2024-12-19 02:15:58,264 - INFO - *****件符合條件：113/08/30 EC14013P013*****
2024-12-19 02:15:58,264 - INFO - *****件符合條件：113/08/29 EV14002P006*****
2024-12-19 02:15:58,264 - INFO - *****件符合條件：113/08/28 113-640300831260120*****
2024-12-19 02:15:58,265 - INFO - *****件符合條件：113/08/27 EI13029P075*****
2024-12-19 02:15:58,265 - INFO - *****件符合條件：113/08/23 EN14006*****
2024-12-19 02:15:58,265 - INFO - *****件符合條件：113/08/23 EC13126F079*****
2024-12-19 02:15:58,265 - INFO - *****件符合條件：113/08/20 EC13116P074*****
2024-12-19 02:15:58,265 - INFO - *****件符合條件：113/08/15 EC13112P078*****
2024-12-19 02:15:58,265 - INFO - *****件符合條件：113/08/15 EZ14033P007*****
2024-12-19 02:15:58,265 - INFO - *****件符合條件：113/08/13 1041300008*****
2024-12-19 02:15:58,265 - INFO - *****件符合條件：113/08/08 EC14010P005*****
2024-12-19 02:15:58,265 - INFO - *****件符合條件：113/08/01 EZ14033P007*****
2024-12-19 02:15:58,265 - INFO - *****件符合條件：113/07/31 EY14013P003*****
2024-12-19 02:15:58,265 - INFO - *****件符合條件：113/07/25 ES13047P047*****
2024-12-19 02:15:58,266 - INFO - *****件符合條件：113/07/25 ES13039P039*****
2024-12-19 02:15:58,266 - INFO - *****件符合條件：113/07/17 EP13048P072*****
2024-12-19 02:15:58,266 - INFO - *****件符合條件：113/07/16 EW14003P002*****
2024-12-19 02:15:58,266 - INFO - *****件符合條件：113/07/11 EC13086P049*****
2024-12-19 02:15:58,266 - INFO - *****件符合條件：113/07/10 EC13079P066*****
2024-12-19 02:15:58,266 - INFO - *****件符合條件：113/07/04 EC13087P071*****
2024-12-19 02:15:58,266 - INFO - *****件符合條件：113/07/04 EP13048P072*****
2024-12-19 02:15:58,266 - INFO - *****件符合條件：113/07/03 ES13041P041*****
2024-12-19 02:15:58,266 - INFO - *****件符合條件：113/06/28 EC13086P049*****
2024-12-19 02:15:58,266 - INFO - *****件符合條件：113/06/17 EC13089P067*****
2024-12-19 02:15:58,266 - INFO - *****件符合條件：113/06/05 EC13079P050*****
2024-12-19 02:15:58,267 - INFO - *****件符合條件：113/05/29 EC13084P055*****
2024-12-19 02:15:58,267 - INFO - *****件符合條件：113/05/29 EC13089P067*****
2024-12-19 02:15:58,267 - INFO - *****件符合條件：113/05/24 EP13037P060*****
2024-12-19 02:15:58,267 - INFO - *****件符合條件：113/05/24 EC13079P050*****
2024-12-19 02:15:58,267 - INFO - *****件符合條件：113/05/10 EP13037P060*****
2024-12-19 02:15:58,267 - INFO - *****件符合條件：113/05/03 EC13082P057*****
2024-12-19 02:15:58,267 - INFO - *****件符合條件：113/04/30 EC13068P054*****
2024-12-19 02:15:58,267 - INFO - *****件符合條件：113/04/25 EC13085P047*****
2024-12-19 02:15:58,267 - INFO - *****件符合條件：113/04/24 EC13086P049*****
2024-12-19 02:15:58,267 - INFO - *****件符合條件：113/04/15 EC13085P047*****
2024-12-19 02:15:58,267 - INFO - *****件符合條件：113/04/12 ED13032P014*****
2024-12-19 02:15:58,268 - INFO - *****件符合條件：113/04/10 EC13079P050*****
2024-12-19 02:15:58,268 - INFO - *****件符合條件：113/04/10 EC13098P045*****
2024-12-19 02:15:58,268 - INFO - *****件符合條件：113/04/03 EC13071P042*****
2024-12-19 02:15:58,268 - INFO - *****件符合條件：113/03/27 EC13065P043*****
2024-12-19 02:15:58,268 - INFO - *****件符合條件：113/03/22 EC13098P045*****
2024-12-19 02:15:58,268 - INFO - *****件符合條件：113/03/18 EC13059P040*****
2024-12-19 02:15:58,268 - INFO - *****件符合條件：113/03/14 EC13063P038*****
2024-12-19 02:15:58,268 - INFO - *****件符合條件：113/03/01 EC13063P038*****
2024-12-19 02:15:58,268 - INFO - *****件符合條件：113/02/21 EI13020P033*****
2024-12-19 02:15:58,268 - INFO - *****件符合條件：113/01/26 EP13043P035*****
2024-12-19 02:15:58,268 - INFO - *****件符合條件：113/01/22 ED13016P013*****
2024-12-19 02:15:58,269 - INFO - *****件符合條件：113/01/12 EC13066P036*****
2024-12-19 02:15:58,269 - INFO - *****件符合條件：113/01/10 ED13016P013*****
2024-12-19 02:15:58,269 - INFO - *****件符合條件：113/09/05 EC13112P078P*****
2024-12-19 02:15:58,269 - INFO - *****件符合條件：113/08/29 EC13086P049*****
2024-12-19 02:15:58,269 - INFO - *****件符合條件：113/08/29 EV14015P012*****
2024-12-19 02:15:58,269 - INFO - *****件符合條件：113/08/28 113-7541134523300110*****
2024-12-19 02:15:58,269 - INFO - *****件符合條件：113/08/23 EN14013P*****
2024-12-19 02:15:58,269 - INFO - *****件符合條件：113/08/23 113-6331138312600720*****
2024-12-19 02:15:58,269 - INFO - *****件符合條件：113/08/23 ES13052P052*****
2024-12-19 02:15:58,270 - INFO - *****件符合條件：113/08/16 EV14002P006*****
2024-12-19 02:15:58,270 - INFO - *****件符合條件：113/08/15 EC13113P076*****
2024-12-19 02:15:58,270 - INFO - *****件符合條件：113/08/13 EI13029P075*****
2024-12-19 02:15:58,270 - INFO - *****件符合條件：113/08/09 113-6331138312600720*****
2024-12-19 02:15:58,270 - INFO - *****件符合條件：113/08/01 ES13047P047*****
2024-12-19 02:15:58,270 - INFO - *****件符合條件：113/07/31 EW14003P002*****
2024-12-19 02:15:58,270 - INFO - *****件符合條件：113/07/25 ES13041P041*****
2024-12-19 02:15:58,270 - INFO - *****件符合條件：113/07/25 EC14010P005*****
2024-12-19 02:15:58,271 - INFO - *****件符合條件：113/07/24 EC13117P073*****
2024-12-19 02:15:58,271 - INFO - *****件符合條件：113/07/17 EY14013P003*****
2024-12-19 02:15:58,271 - INFO - *****件符合條件：113/07/12 EC13087P071*****
2024-12-19 02:15:58,271 - INFO - *****件符合條件：113/07/11 ES13039P039*****
2024-12-19 02:15:58,271 - INFO - *****件符合條件：113/07/09 EZ14001P001*****
2024-12-19 02:15:58,271 - INFO - *****件符合條件：113/07/04 113-67A1132740900220*****
2024-12-19 02:15:58,271 - INFO - *****件符合條件：113/07/03 113-06-046*****
2024-12-19 02:15:58,271 - INFO - *****件符合條件：113/07/01 ES13047P047*****
2024-12-19 02:15:58,272 - INFO - *****件符合條件：113/06/20 ES13047P047*****
2024-12-19 02:15:58,272 - INFO - *****件符合條件：113/06/13 EC13073P065*****
2024-12-19 02:15:58,272 - INFO - *****件符合條件：113/06/05 113-0671135606500120*****
2024-12-19 02:15:58,272 - INFO - *****件符合條件：113/05/29 EC13073P065*****
2024-12-19 02:15:58,272 - INFO - *****件符合條件：113/05/28 EC13097P066*****
2024-12-19 02:15:58,272 - INFO - *****件符合條件：113/05/24 EC13094P063*****
2024-12-19 02:15:58,273 - INFO - *****件符合條件：113/05/13 EC13094P063*****
2024-12-19 02:15:58,273 - INFO - *****件符合條件：113/05/09 EC13106P062*****
2024-12-19 02:15:58,273 - INFO - *****件符合條件：113/05/01 EC13084P055*****
2024-12-19 02:15:58,273 - INFO - *****件符合條件：113/04/25 ED13045P017*****
2024-12-19 02:15:58,273 - INFO - *****件符合條件：113/04/25 ED13046P016*****
2024-12-19 02:15:58,273 - INFO - *****件符合條件：113/04/18 EC13079P050*****
2024-12-19 02:15:58,273 - INFO - *****件符合條件：113/04/12 EC13059P040*****
2024-12-19 02:15:58,273 - INFO - *****件符合條件：113/04/11 EC13065P043*****
2024-12-19 02:15:58,274 - INFO - *****件符合條件：113/04/10 EC13086P049*****
2024-12-19 02:15:58,274 - INFO - *****件符合條件：113/04/03 ED13035P018*****
2024-12-19 02:15:58,274 - INFO - *****件符合條件：113/04/03 EC13072P044*****
2024-12-19 02:15:58,274 - INFO - *****件符合條件：113/03/25 113-5130210051100210*****
2024-12-19 02:15:58,274 - INFO - *****件符合條件：113/03/22 ED13035P018*****
2024-12-19 02:15:58,274 - INFO - *****件符合條件：113/03/18 EC13074P039*****
2024-12-19 02:15:58,275 - INFO - *****件符合條件：113/03/06 113-5130210051100210*****
2024-12-19 02:15:58,275 - INFO - *****件符合條件：113/02/22 EC13077P037*****
2024-12-19 02:15:58,275 - INFO - *****件符合條件：113/02/01 EI13020P033*****
2024-12-19 02:15:58,275 - INFO - *****件符合條件：113/01/24 ED13017P012*****
2024-12-19 02:15:58,275 - INFO - *****件符合條件：113/01/19 ED13032P014*****
2024-12-19 02:15:58,276 - INFO - *****件符合條件：113/01/12 ED13017P012*****
2024-12-19 02:16:01,500 - INFO - request data 檔案夾 招標 TENDER_NOTICE_DATE 113 100
2024-12-19 02:16:01,501 - INFO - 正在爬取採購網站第 3 頁
2024-12-19 02:16:13,693 - INFO - 採購網站第 2 頁是最後一頁囉
2024-12-19 02:16:13,747 - INFO - Processing 尼龍絕緣座...
2024-12-19 02:16:18,229 - INFO - request data 尼龍絕緣座 招標 TENDER_NOTICE_DATE 113 100
2024-12-19 02:16:18,229 - INFO - 正在爬取採購網站第 1 頁
2024-12-19 02:16:24,993 - INFO - *****件符合條件：113/05/08 113LC0013G*****
2024-12-19 02:16:24,993 - INFO - *****件符合條件：113/04/22 113LC0013G*****
2024-12-19 02:16:29,581 - INFO - request data 尼龍絕緣座 招標 TENDER_NOTICE_DATE 113 100
2024-12-19 02:16:29,582 - INFO - 正在爬取採購網站第 2 頁
2024-12-19 02:16:40,794 - INFO - 採購網站第 1 頁是最後一頁囉
2024-12-19 02:16:40,800 - INFO - Processing 105年一公升罈裝酒破壞性瓶蓋...
2024-12-19 02:16:45,424 - INFO - request data 105年一公升罈裝酒破壞性瓶蓋 招標 TENDER_NOTICE_DATE 113 100
2024-12-19 02:16:45,426 - INFO - 正在爬取採購網站第 1 頁
2024-12-19 02:16:54,703 - INFO - 採購網站第 0 頁是最後一頁囉
2024-12-19 02:16:54,712 - INFO - Processing 鏡框...
2024-12-19 02:16:58,677 - INFO - request data 鏡框 招標 TENDER_NOTICE_DATE 113 100
2024-12-19 02:16:58,677 - INFO - 正在爬取採購網站第 1 頁
